2025-04-30 02:58:47,254 [INFO] [PJeAutomation] [SCRIPT] Iniciando script...
2025-04-30 02:58:47,265 [INFO] [PJeAutomation] [SCRIPT] Limpeza inicial concluída.
2025-04-30 02:58:47,265 [INFO] [PJeAutomation] [CONFIG] Configurando navegador...
2025-04-30 02:58:52,420 [INFO] [PJeAutomation] [CONFIG] Navegador configurado com sucesso.
2025-04-30 02:58:52,420 [INFO] [PJeAutomation] [LOGIN] Iniciando login...
2025-04-30 02:59:00,930 [INFO] [PJeAutomation] [LOGIN] Login realizado com sucesso.
2025-04-30 02:59:00,930 [INFO] [PJeAutomation] [NAVEGAR] Navegando para painel de prazos...
2025-04-30 02:59:00,931 [ERROR] [PJeAutomation] [SCRIPT][ERRO] Erro crítico: navegar_para_tela() got an unexpected keyword argument 'timeout'
2025-04-30 03:01:11,766 [INFO] [PJeAutomation] [SCRIPT] Iniciando script...
2025-04-30 03:01:11,777 [INFO] [PJeAutomation] [SCRIPT] Limpeza inicial concluída.
2025-04-30 03:01:11,777 [INFO] [PJeAutomation] [CONFIG] Configurando navegador...
2025-04-30 03:01:16,882 [INFO] [PJeAutomation] [CONFIG] Navegador configurado com sucesso.
2025-04-30 03:01:16,883 [INFO] [PJeAutomation] [LOGIN] Iniciando login...
2025-04-30 03:01:26,557 [INFO] [PJeAutomation] [LOGIN] Login realizado com sucesso.
2025-04-30 03:01:26,557 [INFO] [PJeAutomation] [NAVEGAR] Navegando para painel de prazos...
2025-04-30 03:01:29,093 [INFO] [PJeAutomation] [NAVEGAR] Navegaçăo concluída.
2025-04-30 03:01:29,093 [INFO] [PJeAutomation] [LOOP] Iniciando processamento de lotes...
2025-04-30 03:01:29,093 [INFO] [PJeAutomation] [LOOP] Verificando total de registros...
2025-04-30 03:01:29,102 [ERROR] [PJeAutomation] [LOOP][ERRO] Erro ao processar lotes: list index out of range
2025-04-30 03:01:29,132 [ERROR] [PJeAutomation] [SCRIPT][ERRO] Erro crítico: list index out of range
2025-04-30 03:04:20,245 [INFO] [PJeAutomation] [SCRIPT] Iniciando script...
2025-04-30 03:04:20,256 [INFO] [PJeAutomation] [SCRIPT] Limpeza inicial concluída.
2025-04-30 03:04:20,256 [INFO] [PJeAutomation] [CONFIG] Configurando navegador...
2025-04-30 03:04:25,473 [INFO] [PJeAutomation] [CONFIG] Navegador configurado com sucesso.
2025-04-30 03:04:25,473 [INFO] [PJeAutomation] [LOGIN] Iniciando login...
2025-04-30 03:04:33,776 [INFO] [PJeAutomation] [LOGIN] Login realizado com sucesso.
2025-04-30 03:04:33,776 [INFO] [PJeAutomation] [NAVEGAR] Navegando para painel de prazos...
2025-04-30 03:04:36,623 [INFO] [PJeAutomation] [NAVEGAR] Navegaçăo concluída.
2025-04-30 03:04:36,624 [INFO] [PJeAutomation] [LOOP] Iniciando processamento de lotes...
2025-04-30 03:04:36,624 [INFO] [PJeAutomation] [LOOP] Verificando total de registros...
2025-04-30 03:04:36,634 [INFO] [PJeAutomation] [LOOP] Conteúdo do elemento total-registros: 1 - 20 de 27
2025-04-30 03:04:36,642 [INFO] [PJeAutomation] [LOOP] Total de processos encontrados: 27
2025-04-30 03:04:36,642 [INFO] [PJeAutomation] [LOOP] Total de processos encontrados: 27
2025-04-30 03:04:36,642 [INFO] [PJeAutomation] [LOOP] Serăo necessários 1 lote(s) para processar todos os lotes.
2025-04-30 03:04:36,642 [INFO] [PJeAutomation] 
[LOOP] Processando lote 1/1...
2025-04-30 03:04:36,642 [INFO] [PJeAutomation] [SELECAO] Iniciando seleçăo de processos livres...
2025-04-30 03:04:36,642 [INFO] [PJeAutomation] [SELECAO] Navegando para https://pje.trt2.jus.br/pjekz/painel/global/8/lista-processos...
2025-04-30 03:04:39,151 [INFO] [PJeAutomation] [SELECAO] Configurando 100 linhas por página...
2025-04-30 03:05:00,270 [INFO] [PJeAutomation] [SELECAO] Configuraçăo de 100 linhas concluída.
2025-04-30 03:05:00,270 [INFO] [PJeAutomation] [SELECAO] Buscando linhas na tabela...
2025-04-30 03:05:00,270 [ERROR] [PJeAutomation] [SELECAO][ERRO] Erro crítico na seleçăo de processos: name 'esperar_colecao' is not defined
2025-04-30 03:05:00,325 [ERROR] [PJeAutomation] [LOOP][ERRO] Erro ao processar lotes: name 'esperar_colecao' is not defined
2025-04-30 03:05:00,379 [ERROR] [PJeAutomation] [SCRIPT][ERRO] Erro crítico: name 'esperar_colecao' is not defined
2025-04-30 03:11:10,024 [INFO] [PJeAutomation] [SCRIPT] Iniciando script...
2025-04-30 03:11:10,036 [INFO] [PJeAutomation] [SCRIPT] Limpeza inicial concluída.
2025-04-30 03:11:10,036 [INFO] [PJeAutomation] [CONFIG] Configurando navegador...
2025-04-30 03:11:15,137 [INFO] [PJeAutomation] [CONFIG] Navegador configurado com sucesso.
2025-04-30 03:11:15,137 [INFO] [PJeAutomation] [LOGIN] Iniciando login...
2025-04-30 03:11:23,370 [INFO] [PJeAutomation] [LOGIN] Login realizado com sucesso.
2025-04-30 03:11:23,370 [INFO] [PJeAutomation] [NAVEGAR] Navegando para painel de prazos...
2025-04-30 03:11:25,884 [INFO] [PJeAutomation] [NAVEGAR] Navegaçăo concluída.
2025-04-30 03:11:25,884 [INFO] [PJeAutomation] [LOOP] Iniciando processamento de lotes...
2025-04-30 03:11:25,884 [INFO] [PJeAutomation] [LOOP] Verificando total de registros...
2025-04-30 03:11:25,893 [INFO] [PJeAutomation] [LOOP] Conteúdo do elemento total-registros: 
2025-04-30 03:11:26,074 [INFO] [PJeAutomation] [LOOP] Total de processos encontrados: 27
2025-04-30 03:11:26,074 [INFO] [PJeAutomation] [LOOP] Serăo necessários 2 lote(s) para processar todos os lotes.
2025-04-30 03:11:26,074 [INFO] [PJeAutomation] 
[LOOP] Processando lote 1/2...
2025-04-30 03:11:47,285 [INFO] [PJeAutomation] [SELECAO] Iniciando seleçăo de processos livres...
2025-04-30 03:11:47,285 [INFO] [PJeAutomation] [SELECAO] Navegando para https://pje.trt2.jus.br/pjekz/painel/global/8/lista-processos...
2025-04-30 03:11:49,819 [INFO] [PJeAutomation] [SELECAO] Configurando 100 linhas por página...
2025-04-30 03:12:10,931 [INFO] [PJeAutomation] [SELECAO] Configuraçăo de 100 linhas concluída.
2025-04-30 03:12:10,931 [INFO] [PJeAutomation] [SELECAO] Buscando linhas na tabela...
2025-04-30 03:12:10,931 [ERROR] [PJeAutomation] [SELECAO][ERRO] Erro crítico na seleçăo de processos: name 'esperar_colecao' is not defined
2025-04-30 03:12:10,993 [ERROR] [PJeAutomation] [LOOP][ERRO] Erro ao processar lotes: name 'esperar_colecao' is not defined
2025-04-30 03:12:11,052 [ERROR] [PJeAutomation] [SCRIPT][ERRO] Erro crítico: name 'esperar_colecao' is not defined
2025-04-30 03:17:21,859 [INFO] [PJeAutomation] [SCRIPT] Iniciando script...
2025-04-30 03:17:21,870 [INFO] [PJeAutomation] [SCRIPT] Limpeza inicial concluída.
2025-04-30 03:17:21,871 [INFO] [PJeAutomation] [CONFIG] Configurando navegador...
2025-04-30 03:17:27,058 [INFO] [PJeAutomation] [CONFIG] Navegador configurado com sucesso.
2025-04-30 03:17:27,058 [INFO] [PJeAutomation] [LOGIN] Iniciando login...
2025-04-30 03:17:34,545 [INFO] [PJeAutomation] [LOGIN] Login realizado com sucesso.
2025-04-30 03:17:34,545 [INFO] [PJeAutomation] [NAVEGAR] Navegando para painel de prazos...
2025-04-30 03:17:37,249 [INFO] [PJeAutomation] [NAVEGAR] Navegaçăo concluída.
2025-04-30 03:17:37,249 [INFO] [PJeAutomation] [LOOP] Iniciando processamento de lotes...
2025-04-30 03:17:37,249 [INFO] [PJeAutomation] [LOOP] Verificando total de registros...
2025-04-30 03:17:37,257 [INFO] [PJeAutomation] [LOOP] Conteúdo do elemento total-registros: 
2025-04-30 03:17:37,265 [ERROR] [PJeAutomation] [LOOP][ERRO] Falha ao extrair total de registros: Formato năo encontrado
2025-04-30 03:17:37,270 [ERROR] [PJeAutomation] [LOOP][ERRO] Conteúdo do elemento: 
2025-04-30 03:17:37,527 [ERROR] [PJeAutomation] [LOOP][ERRO] Erro ao processar lotes: [LOOP][ERRO] Formato inválido do total de registros: 1 - 20 de 27
2025-04-30 03:17:37,580 [ERROR] [PJeAutomation] [SCRIPT][ERRO] Erro crítico: [LOOP][ERRO] Formato inválido do total de registros: 1 - 20 de 27
2025-04-30 03:19:15,982 [INFO] [PJeAutomation] [SCRIPT] Iniciando script...
2025-04-30 03:19:15,993 [INFO] [PJeAutomation] [SCRIPT] Limpeza inicial concluída.
2025-04-30 03:19:15,993 [INFO] [PJeAutomation] [CONFIG] Configurando navegador...
2025-04-30 03:19:21,072 [INFO] [PJeAutomation] [CONFIG] Navegador configurado com sucesso.
2025-04-30 03:19:21,072 [INFO] [PJeAutomation] [LOGIN] Iniciando login...
2025-04-30 03:19:29,615 [INFO] [PJeAutomation] [LOGIN] Login realizado com sucesso.
2025-04-30 03:19:29,615 [INFO] [PJeAutomation] [NAVEGAR] Navegando para painel de prazos...
2025-04-30 03:19:32,127 [INFO] [PJeAutomation] [NAVEGAR] Navegaçăo concluída.
2025-04-30 03:19:32,128 [INFO] [PJeAutomation] [LOOP] Iniciando processamento de lotes...
2025-04-30 03:19:32,128 [INFO] [PJeAutomation] [LOOP] Verificando total de registros...
2025-04-30 03:19:32,235 [INFO] [PJeAutomation] [LOOP] Conteúdo do elemento total-registros: 1 - 20 de 27
2025-04-30 03:19:32,241 [INFO] [PJeAutomation] [LOOP] Total de processos encontrados: 27
2025-04-30 03:19:32,241 [INFO] [PJeAutomation] [LOOP] Serăo necessários 2 lote(s) para processar todos os lotes.
2025-04-30 03:19:32,241 [INFO] [PJeAutomation] 
[LOOP] Processando lote 1/2...
2025-04-30 03:19:32,241 [INFO] [PJeAutomation] [LOOP] Processando andamento do lote 1...
2025-04-30 03:19:46,329 [ERROR] [root] [ANDAMENTO][ERRO] Falha no fluxo de andamento: 'NoneType' object has no attribute 'clear'
2025-04-30 03:19:46,375 [ERROR] [PJeAutomation] [LOOP][ERRO] Falha ao processar andamento no lote 1: 'NoneType' object has no attribute 'clear'
2025-04-30 03:19:46,421 [INFO] [PJeAutomation] 
[LOOP] Processando lote 2/2...
2025-04-30 03:19:46,421 [INFO] [PJeAutomation] [LOOP] Processando andamento do lote 2...
2025-04-30 03:20:00,639 [ERROR] [root] [ANDAMENTO][ERRO] Falha no fluxo de andamento: 'NoneType' object has no attribute 'clear'
2025-04-30 03:20:00,685 [ERROR] [PJeAutomation] [LOOP][ERRO] Falha ao processar andamento no lote 2: 'NoneType' object has no attribute 'clear'
2025-04-30 03:20:00,731 [INFO] [PJeAutomation] [SELECAO] Iniciando seleçăo de processos livres...
2025-04-30 03:20:00,732 [INFO] [PJeAutomation] [SELECAO] Iniciando seleçăo de processos livres...
2025-04-30 03:20:00,732 [INFO] [PJeAutomation] [SELECAO] Navegando para https://pje.trt2.jus.br/pjekz/painel/global/8/lista-processos...
2025-04-30 03:20:03,061 [INFO] [PJeAutomation] [SELECAO] Configurando 100 linhas por página...
2025-04-30 03:20:24,198 [INFO] [PJeAutomation] [SELECAO] Configuraçăo de 100 linhas concluída.
2025-04-30 03:20:24,199 [INFO] [PJeAutomation] [SELECAO] Buscando linhas na tabela...
2025-04-30 03:20:24,199 [ERROR] [PJeAutomation] [SELECAO][ERRO] Erro crítico na seleçăo de processos: name 'esperar_colecao' is not defined
2025-04-30 03:20:24,250 [ERROR] [PJeAutomation] [LOOP][ERRO] Erro ao processar lotes: name 'esperar_colecao' is not defined
2025-04-30 03:20:24,301 [ERROR] [PJeAutomation] [SCRIPT][ERRO] Erro crítico: name 'esperar_colecao' is not defined
2025-04-30 03:28:00,106 [INFO] [PJeAutomation] [SCRIPT] Iniciando script...
2025-04-30 03:28:00,118 [INFO] [PJeAutomation] [SCRIPT] Limpeza inicial concluída.
2025-04-30 03:28:00,118 [INFO] [PJeAutomation] [CONFIG] Configurando navegador...
2025-04-30 03:28:05,241 [INFO] [PJeAutomation] [CONFIG] Navegador configurado com sucesso.
2025-04-30 03:28:05,241 [INFO] [PJeAutomation] [LOGIN] Iniciando login...
2025-04-30 03:28:13,136 [INFO] [PJeAutomation] [LOGIN] Login realizado com sucesso.
2025-04-30 03:28:13,136 [INFO] [PJeAutomation] [NAVEGAR] Navegando para painel de prazos...
2025-04-30 03:28:15,664 [INFO] [PJeAutomation] [NAVEGAR] Navegaçăo concluída.
2025-04-30 03:28:15,664 [INFO] [PJeAutomation] [LOOP] Iniciando processamento de lotes...
2025-04-30 03:28:15,665 [INFO] [PJeAutomation] [LOOP] Verificando total de registros...
2025-04-30 03:28:15,673 [INFO] [PJeAutomation] [LOOP] Conteúdo do elemento total-registros: 
2025-04-30 03:28:15,681 [ERROR] [PJeAutomation] [LOOP][ERRO] Falha ao extrair total de registros: Formato năo encontrado no texto: 
2025-04-30 03:28:15,685 [ERROR] [PJeAutomation] [LOOP][ERRO] Conteúdo do elemento: 
2025-04-30 03:28:15,720 [ERROR] [PJeAutomation] [LOOP][ERRO] Erro ao processar lotes: [LOOP][ERRO] Formato inválido do total de registros: 
2025-04-30 03:28:15,747 [ERROR] [PJeAutomation] [SCRIPT][ERRO] Erro crítico: [LOOP][ERRO] Formato inválido do total de registros: 
2025-04-30 03:29:55,542 [INFO] [PJeAutomation] [SCRIPT] Iniciando script...
2025-04-30 03:29:55,553 [INFO] [PJeAutomation] [SCRIPT] Limpeza inicial concluída.
2025-04-30 03:29:55,553 [INFO] [PJeAutomation] [CONFIG] Configurando navegador...
2025-04-30 03:30:00,637 [INFO] [PJeAutomation] [CONFIG] Navegador configurado com sucesso.
2025-04-30 03:30:00,637 [INFO] [PJeAutomation] [LOGIN] Iniciando login...
2025-04-30 03:30:08,524 [INFO] [PJeAutomation] [LOGIN] Login realizado com sucesso.
2025-04-30 03:30:08,524 [INFO] [PJeAutomation] [NAVEGAR] Navegando para painel de prazos...
2025-04-30 03:30:11,038 [INFO] [PJeAutomation] [NAVEGAR] Navegaçăo concluída.
2025-04-30 03:30:11,039 [INFO] [PJeAutomation] [LOOP] Iniciando processamento de lotes...
2025-04-30 03:30:11,039 [INFO] [PJeAutomation] [LOOP] Verificando total de registros...
2025-04-30 03:30:11,044 [ERROR] [PJeAutomation] [LOOP][ERRO] Falha ao extrair total: Formato inesperado: 1 - 20 de
2025-04-30 03:30:11,085 [ERROR] [PJeAutomation] [LOOP][ERRO] Erro ao processar lotes: [LOOP][ERRO] Falha ao processar total de registros. Texto: "1 - 20 de"
2025-04-30 03:30:11,349 [ERROR] [PJeAutomation] [SCRIPT][ERRO] Erro crítico: [LOOP][ERRO] Falha ao processar total de registros. Texto: "1 - 20 de"
2025-04-30 03:32:36,829 [INFO] [PJeAutomation] [SCRIPT] Iniciando script...
2025-04-30 03:32:36,840 [INFO] [PJeAutomation] [SCRIPT] Limpeza inicial concluída.
2025-04-30 03:32:36,840 [INFO] [PJeAutomation] [CONFIG] Configurando navegador...
2025-04-30 03:32:42,043 [INFO] [PJeAutomation] [CONFIG] Navegador configurado com sucesso.
2025-04-30 03:32:42,043 [INFO] [PJeAutomation] [LOGIN] Iniciando login...
2025-04-30 03:32:50,068 [INFO] [PJeAutomation] [LOGIN] Login realizado com sucesso.
2025-04-30 03:32:50,068 [INFO] [PJeAutomation] [NAVEGAR] Navegando para painel de prazos...
2025-04-30 03:32:52,591 [INFO] [PJeAutomation] [NAVEGAR] Navegaçăo concluída.
2025-04-30 03:32:52,592 [INFO] [PJeAutomation] [LOOP] Iniciando processamento de lotes...
2025-04-30 03:32:52,592 [INFO] [PJeAutomation] [LOOP] Verificando total de registros...
2025-04-30 03:32:52,599 [WARNING] [PJeAutomation] [LOOP] Fallback 1: list index out of range
2025-04-30 03:32:52,603 [WARNING] [PJeAutomation] [LOOP] Fallback 2: list index out of range
2025-04-30 03:32:52,637 [ERROR] [PJeAutomation] [LOOP][ERRO] Erro ao processar lotes: [LOOP][ERRO] Todas tentativas de extraçăo falharam
2025-04-30 03:32:52,665 [ERROR] [PJeAutomation] [SCRIPT][ERRO] Erro crítico: [LOOP][ERRO] Todas tentativas de extraçăo falharam
2025-04-30 03:36:18,881 [INFO] [PJeAutomation] [SCRIPT] Iniciando script...
2025-04-30 03:36:18,893 [INFO] [PJeAutomation] [SCRIPT] Limpeza inicial concluída.
2025-04-30 03:36:18,893 [INFO] [PJeAutomation] [CONFIG] Configurando navegador...
2025-04-30 03:36:24,125 [INFO] [PJeAutomation] [CONFIG] Navegador configurado com sucesso.
2025-04-30 03:36:24,125 [INFO] [PJeAutomation] [LOGIN] Iniciando login...
2025-04-30 03:36:33,255 [INFO] [PJeAutomation] [LOGIN] Login realizado com sucesso.
2025-04-30 03:36:33,255 [INFO] [PJeAutomation] [NAVEGAR] Navegando para painel de prazos...
2025-04-30 03:36:35,762 [INFO] [PJeAutomation] [NAVEGAR] Navegaçăo concluída.
2025-04-30 03:36:35,762 [INFO] [PJeAutomation] [LOOP] Iniciando processamento de lotes...
2025-04-30 03:36:35,762 [INFO] [PJeAutomation] [LOOP] Verificando total de registros...
2025-04-30 03:36:35,803 [ERROR] [PJeAutomation] [LOOP][ERRO] Falha ao extrair total: invalid literal for int() with base 10: ''
Elemento: <span _ngcontent-djt-c222="" class="total-registros"> 1 - 20 de  </span>
2025-04-30 03:36:35,803 [ERROR] [PJeAutomation] [LOOP][ERRO] Erro ao processar lotes: [LOOP][ERRO] Falha definitiva na extraçăo do total
2025-04-30 03:36:35,831 [ERROR] [PJeAutomation] [SCRIPT][ERRO] Erro crítico: [LOOP][ERRO] Falha definitiva na extraçăo do total
2025-04-30 03:38:21,167 [INFO] [PJeAutomation] [SCRIPT] Iniciando script...
2025-04-30 03:38:21,178 [INFO] [PJeAutomation] [SCRIPT] Limpeza inicial concluída.
2025-04-30 03:38:21,179 [INFO] [PJeAutomation] [CONFIG] Configurando navegador...
2025-04-30 03:38:26,260 [INFO] [PJeAutomation] [CONFIG] Navegador configurado com sucesso.
2025-04-30 03:38:26,260 [INFO] [PJeAutomation] [LOGIN] Iniciando login...
2025-04-30 03:38:35,619 [INFO] [PJeAutomation] [LOGIN] Login realizado com sucesso.
2025-04-30 03:38:35,619 [INFO] [PJeAutomation] [NAVEGAR] Navegando para painel de prazos...
2025-04-30 03:38:38,129 [INFO] [PJeAutomation] [NAVEGAR] Navegaçăo concluída.
2025-04-30 03:38:38,129 [INFO] [PJeAutomation] [LOOP] Iniciando processamento de lotes...
2025-04-30 03:38:38,129 [INFO] [PJeAutomation] [LOOP] Verificando total de registros...
2025-04-30 03:38:38,141 [WARNING] [PJeAutomation] [LOOP] Usando fallback - Total estimado: 0
2025-04-30 03:38:38,142 [INFO] [PJeAutomation] [LOOP] Total de processos: 0
2025-04-30 03:38:38,142 [INFO] [PJeAutomation] [LOOP] Serăo necessários 1 lote(s) para processar todos os lotes.
2025-04-30 03:38:38,142 [INFO] [PJeAutomation] 
[LOOP] Processando lote 1/1...
2025-04-30 03:38:38,142 [INFO] [PJeAutomation] [LOOP] Processando andamento do lote 1...
2025-04-30 03:38:52,196 [ERROR] [root] [ANDAMENTO][ERRO] Falha no fluxo de andamento: 'NoneType' object has no attribute 'clear'
2025-04-30 03:38:52,242 [ERROR] [PJeAutomation] [LOOP][ERRO] Falha ao processar andamento no lote 1: 'NoneType' object has no attribute 'clear'
2025-04-30 03:38:52,289 [INFO] [PJeAutomation] [SELECAO] Iniciando seleçăo de processos livres...
2025-04-30 03:38:52,290 [INFO] [PJeAutomation] [SELECAO] Iniciando seleçăo de processos livres...
2025-04-30 03:38:52,290 [INFO] [PJeAutomation] [SELECAO] Navegando para https://pje.trt2.jus.br/pjekz/painel/global/8/lista-processos...
2025-04-30 03:38:54,803 [INFO] [PJeAutomation] [SELECAO] Configurando 100 linhas por página...
2025-04-30 03:39:15,915 [INFO] [PJeAutomation] [SELECAO] Configuraçăo de 100 linhas concluída.
2025-04-30 03:39:15,915 [INFO] [PJeAutomation] [SELECAO] Buscando linhas na tabela...
2025-04-30 03:39:15,915 [ERROR] [PJeAutomation] [SELECAO][ERRO] Erro crítico na seleçăo de processos: name 'esperar_colecao' is not defined
2025-04-30 03:39:15,965 [ERROR] [PJeAutomation] [LOOP][ERRO] Erro ao processar lotes: name 'esperar_colecao' is not defined
2025-04-30 03:39:16,018 [ERROR] [PJeAutomation] [SCRIPT][ERRO] Erro crítico: name 'esperar_colecao' is not defined
2025-04-30 03:41:18,483 [INFO] [PJeAutomation] [SCRIPT] Iniciando script...
2025-04-30 03:41:18,495 [INFO] [PJeAutomation] [SCRIPT] Limpeza inicial concluída.
2025-04-30 03:41:18,495 [INFO] [PJeAutomation] [CONFIG] Configurando navegador...
2025-04-30 03:41:23,697 [INFO] [PJeAutomation] [CONFIG] Navegador configurado com sucesso.
2025-04-30 03:41:23,697 [INFO] [PJeAutomation] [LOGIN] Iniciando login...
2025-04-30 03:41:32,676 [INFO] [PJeAutomation] [LOGIN] Login realizado com sucesso.
2025-04-30 03:41:32,676 [INFO] [PJeAutomation] [NAVEGAR] Navegando para painel de prazos...
2025-04-30 03:41:35,378 [INFO] [PJeAutomation] [NAVEGAR] Navegaçăo concluída.
2025-04-30 03:41:35,378 [INFO] [PJeAutomation] [LOOP] Iniciando processamento de lotes...
2025-04-30 03:41:38,957 [INFO] [PJeAutomation] [LOOP] Total confirmado: 27 processos (2 lotes)
2025-04-30 03:41:38,958 [INFO] [PJeAutomation] [LOOP] Processando andamento do lote 0...
2025-04-30 03:41:49,084 [WARNING] [PJeAutomation] [LOOP] Nenhum processo encontrado no lote - pulando
2025-04-30 03:41:49,084 [INFO] [PJeAutomation] [LOOP] Processando andamento do lote 1...
2025-04-30 03:41:58,052 [INFO] [PJeAutomation] [SCRIPT] Iniciando script...
2025-04-30 03:41:58,064 [INFO] [PJeAutomation] [SCRIPT] Limpeza inicial concluída.
2025-04-30 03:41:58,064 [INFO] [PJeAutomation] [CONFIG] Configurando navegador...
2025-04-30 03:42:03,135 [INFO] [PJeAutomation] [CONFIG] Navegador configurado com sucesso.
2025-04-30 03:42:03,135 [INFO] [PJeAutomation] [LOGIN] Iniciando login...
2025-04-30 03:42:11,038 [INFO] [PJeAutomation] [LOGIN] Login realizado com sucesso.
2025-04-30 03:42:11,038 [INFO] [PJeAutomation] [NAVEGAR] Navegando para painel de prazos...
2025-04-30 03:42:13,567 [INFO] [PJeAutomation] [NAVEGAR] Navegaçăo concluída.
2025-05-01 16:38:25 [INFO] [CALC] Valor extraído via API: R$ 10117.18 | Data: 2024-11-01T00:00:00
2025-05-01 16:43:02 [INFO] [CALC] Valor extraído via API: R$ 10117.18 | Data: 2024-11-01T00:00:00
2025-05-01 16:50:24 [INFO] [CALC] Valor extraído via API: R$ 10117.18 | Data: 2024-11-01T00:00:00
2025-05-01 16:56:03 [INFO] [CALC] Valor extraído via API: R$ 10117.18 | Data: 2024-11-01T00:00:00
2025-05-01 16:56:03 [INFO] [CALC] Cálculo inserido ao lado do botăo Novo Executado.
