USED aguardar_e_clicar
  d:\PjePlus\carta\anexos.py:346:# Note: Fix.aguardar_e_clicar uses parameter name `log` not `debug`.
UNUSED selecionar_opcao
UNUSED preencher_campo
UNUSED preencher_campos_prazo
UNUSED preencher_multiplos_campos
UNUSED com_retry
UNUSED buscar_seletor_robusto
UNUSED esperar_elemento
UNUSED esperar_url_conter
UNUSED safe_click
UNUSED wait
UNUSED wait_for_visible
UNUSED wait_for_clickable
UNUSED smart_sleep
UNUSED sleep
UNUSED criar_driver_PC
UNUSED finalizar_driver
UNUSED driver_session
UNUSED salvar_cookies_sessao
UNUSED carregar_cookies_sessao
UNUSED verificar_e_aplicar_cookies
UNUSED aplicar_filtro_100
UNUSED filtro_fase
UNUSED verificar_documento_decisao_sentenca
UNUSED visibilidade_sigilosos
UNUSED buscar_ultimo_mandado
UNUSED buscar_mandado_autor
UNUSED buscar_documentos_sequenciais
UNUSED buscar_documentos_polo_ativo
UNUSED criar_botoes_detalhes
UNUSED ErroCollector
UNUSED js_base
UNUSED ProgressoUnificado
UNUSED carregar_progresso_unificado
UNUSED salvar_progresso_unificado
UNUSED marcar_processo_executado_unificado
UNUSED processo_ja_executado_unificado
UNUSED executar_com_monitoramento_unificado
UNUSED ARQUIVO_PROGRESSO_UNIFICADO
UNUSED StatusModulo
UNUSED NivelLog
UNUSED Checkpoint
UNUSED StatusModuloData
UNUSED RegistroLog
UNUSED extrair_direto
UNUSED extrair_documento
UNUSED extrair_pdf
UNUSED extrair_dados_processo
UNUSED extrair_destinatarios_decisao
USED bndt
  d:\PjePlus\Prazo\p2b_fluxo_prescricao.py:33:# 0. Executa BNDT (exclusÒo via Fix.bndt)
UNUSED filtrofases
UNUSED indexar_processos
UNUSED reindexar_linha
UNUSED abrir_detalhes_processo
UNUSED indexar_e_processar_lista
UNUSED criar_gigs
UNUSED criar_comentario
UNUSED criar_lembrete_posit
UNUSED analise_argos
UNUSED tratar_anexos_argos
UNUSED analise_outros
UNUSED salvar_destinatarios_cache
UNUSED carregar_destinatarios_cache
UNUSED formatar_moeda_brasileira
UNUSED formatar_data_brasileira
UNUSED normalizar_cpf_cnpj
UNUSED extrair_raiz_cnpj
UNUSED identificar_tipo_documento
UNUSED limpar_temp_selenium
UNUSED login_manual
UNUSED login_automatico
UNUSED login_automatico_direto
UNUSED login_cpf
UNUSED login_pc
UNUSED coletar_link_ato_timeline
UNUSED coletar_conteudo_js
UNUSED coletar_elemento_css
UNUSED executar_coleta_parametrizavel
UNUSED inserir_html_editor
UNUSED inserir_texto_editor
UNUSED inserir_html_no_editor_apos_marcador
UNUSED obter_ultimo_conteudo_clipboard
UNUSED inserir_link_ato
UNUSED inserir_link_ato_validacao
USED configurar_recovery_driver
  d:\PjePlus\Fix\utils.py:146:from Fix import configurar_recovery_driver
  d:\PjePlus\Peticao\core\utils\utils.py:18:from Fix import configurar_recovery_driver
UNUSED verificar_e_tratar_acesso_negado_global
UNUSED handle_exception_with_recovery
UNUSED obter_driver_padronizado
UNUSED driver_pc
UNUSED navegar_para_tela
UNUSED validar_conexao_driver
UNUSED trocar_para_nova_aba
UNUSED forcar_fechamento_abas_extras
UNUSED is_browsing_context_discarded_error
UNUSED resumir_excecao
UNUSED filtrar_log_arquivo
UNUSED extrair_seletor_dom
done
