2025-11-05 15:59:08,295 [INFO] [AutomacaoPJe] [FILTRO] Filtro xs aplicado com sucesso.
2025-11-05 15:59:11,296 [INFO] [AutomacaoPJe] [FLUXO_PRAZO] Iniciando processamento da lista de processos
2025-11-05 15:59:16,046 [INFO] [AutomacaoPJe] [FLUXO_PZ] Tentando extração DIRETA com extrair_direto...
2025-11-05 15:59:16,142 [INFO] [AutomacaoPJe] [FLUXO_PZ] ✅ Extração DIRETA bem-sucedida via PDF viewer direto
2025-11-05 15:59:20,877 [INFO] [AutomacaoPJe] [FLUXO_PZ] Tentando extração DIRETA com extrair_direto...
2025-11-05 15:59:21,009 [INFO] [AutomacaoPJe] [FLUXO_PZ] ✅ Extração DIRETA bem-sucedida via PDF viewer direto
2025-11-05 15:59:25,532 [INFO] [AutomacaoPJe] [FLUXO_PZ] Tentando extração DIRETA com extrair_direto...
2025-11-05 15:59:25,687 [INFO] [AutomacaoPJe] [FLUXO_PZ] ✅ Extração DIRETA bem-sucedida via PDF viewer direto
2025-11-05 15:59:35,399 [INFO] [AutomacaoPJe] [FLUXO_PZ] Tentando extração DIRETA com extrair_direto...
2025-11-05 15:59:35,493 [INFO] [AutomacaoPJe] [FLUXO_PZ] ✅ Extração DIRETA bem-sucedida via PDF viewer direto
2025-11-05 15:59:39,992 [INFO] [AutomacaoPJe] [FLUXO_PZ] Tentando extração DIRETA com extrair_direto...
2025-11-05 15:59:40,122 [INFO] [AutomacaoPJe] [FLUXO_PZ] ✅ Extração DIRETA bem-sucedida via PDF viewer direto
2025-11-05 15:59:44,680 [INFO] [AutomacaoPJe] [FLUXO_PZ] Tentando extração DIRETA com extrair_direto...
2025-11-05 15:59:44,786 [INFO] [AutomacaoPJe] [FLUXO_PZ] ✅ Extração DIRETA bem-sucedida via PDF viewer direto
2025-11-05 15:59:49,503 [INFO] [AutomacaoPJe] [FLUXO_PZ] Tentando extração DIRETA com extrair_direto...
2025-11-05 15:59:49,590 [INFO] [AutomacaoPJe] [FLUXO_PZ] ✅ Extração DIRETA bem-sucedida via PDF viewer direto
2025-11-05 15:59:54,069 [INFO] [AutomacaoPJe] [FLUXO_PZ] Tentando extração DIRETA com extrair_direto...
2025-11-05 15:59:54,158 [INFO] [AutomacaoPJe] [FLUXO_PZ] ✅ Extração DIRETA bem-sucedida via PDF viewer direto
2025-11-05 15:59:58,811 [INFO] [AutomacaoPJe] [FLUXO_PZ] Tentando extração DIRETA com extrair_direto...
2025-11-05 15:59:58,991 [INFO] [AutomacaoPJe] [FLUXO_PZ] ✅ Extração DIRETA bem-sucedida via PDF viewer direto
2025-11-05 16:00:03,741 [INFO] [AutomacaoPJe] [FLUXO_PZ] Tentando extração DIRETA com extrair_direto...
2025-11-05 16:00:03,850 [INFO] [AutomacaoPJe] [FLUXO_PZ] ✅ Extração DIRETA bem-sucedida via PDF viewer direto
2025-11-05 16:00:08,289 [INFO] [AutomacaoPJe] [FLUXO_PZ] Tentando extração DIRETA com extrair_direto...
2025-11-05 16:00:08,411 [INFO] [AutomacaoPJe] [FLUXO_PZ] ✅ Extração DIRETA bem-sucedida via PDF viewer direto
2025-11-05 16:00:15,356 [INFO] [AutomacaoPJe] [FLUXO_PZ] Tentando extração DIRETA com extrair_direto...
2025-11-05 16:00:15,443 [INFO] [AutomacaoPJe] [FLUXO_PZ] ✅ Extração DIRETA bem-sucedida via PDF viewer direto
2025-11-05 16:00:22,576 [INFO] [AutomacaoPJe] [FLUXO_PZ] Tentando extração DIRETA com extrair_direto...
2025-11-05 16:00:22,661 [INFO] [AutomacaoPJe] [FLUXO_PZ] ✅ Extração DIRETA bem-sucedida via PDF viewer direto
2025-11-05 16:00:27,030 [INFO] [AutomacaoPJe] [FLUXO_PZ] Tentando extração DIRETA com extrair_direto...
2025-11-05 16:00:27,121 [INFO] [AutomacaoPJe] [FLUXO_PZ] ✅ Extração DIRETA bem-sucedida via PDF viewer direto
2025-11-05 16:00:45,034 [INFO] [AutomacaoPJe] [FLUXO_PZ] Tentando extração DIRETA com extrair_direto...
2025-11-05 16:00:45,114 [INFO] [AutomacaoPJe] [FLUXO_PZ] ✅ Extração DIRETA bem-sucedida via PDF viewer direto
2025-11-05 16:00:54,357 [INFO] [AutomacaoPJe] [FLUXO_PZ] Tentando extração DIRETA com extrair_direto...
2025-11-05 16:00:54,449 [INFO] [AutomacaoPJe] [FLUXO_PZ] ✅ Extração DIRETA bem-sucedida via PDF viewer direto
2025-11-05 16:01:02,645 [INFO] [AutomacaoPJe] [FLUXO_PZ] Tentando extração DIRETA com extrair_direto...
2025-11-05 16:01:02,741 [INFO] [AutomacaoPJe] [FLUXO_PZ] ✅ Extração DIRETA bem-sucedida via PDF viewer direto
2025-11-05 16:01:07,349 [INFO] [AutomacaoPJe] [FLUXO_PZ] Tentando extração DIRETA com extrair_direto...
2025-11-05 16:01:07,442 [INFO] [AutomacaoPJe] [FLUXO_PZ] ✅ Extração DIRETA bem-sucedida via PDF viewer direto
2025-11-05 16:01:12,197 [INFO] [AutomacaoPJe] [FLUXO_PZ] Tentando extração DIRETA com extrair_direto...
2025-11-05 16:01:12,288 [INFO] [AutomacaoPJe] [FLUXO_PZ] ✅ Extração DIRETA bem-sucedida via PDF viewer direto
2025-11-05 16:01:47,835 [INFO] [AutomacaoPJe] [FLUXO_PZ] Tentando extração DIRETA com extrair_direto...
2025-11-05 16:01:48,152 [INFO] [AutomacaoPJe] [FLUXO_PZ] ✅ Extração DIRETA bem-sucedida via PDF viewer direto
2025-11-05 16:01:52,412 [ERROR] [AutomacaoPJe] [FLUXO_PZ] Erro ao verificar cor do cabeçalho para impugnações: criar_gigs() missing 1 required positional argument: 'observacao'
2025-11-05 16:01:55,796 [ERROR] [AutomacaoPJe] [FLUXO_PRAZO] ERRO no fluxo_pz: criar_gigs() missing 1 required positional argument: 'observacao'
2025-11-05 16:02:01,094 [INFO] [AutomacaoPJe] [FLUXO_PZ] Tentando extração DIRETA com extrair_direto...
2025-11-05 16:02:01,286 [INFO] [AutomacaoPJe] [FLUXO_PZ] ✅ Extração DIRETA bem-sucedida via PDF viewer direto
2025-11-05 16:02:40,159 [INFO] [AutomacaoPJe] [FLUXO_PZ] Tentando extração DIRETA com extrair_direto...
2025-11-05 16:02:40,429 [INFO] [AutomacaoPJe] [FLUXO_PZ] ✅ Extração DIRETA bem-sucedida via PDF viewer direto
2025-11-05 16:02:40,583 [INFO] [AutomacaoPJe] [FLUXO_PRAZO] Processamento da lista concluído
2025-11-07 01:49:57,262 [INFO] [AutomacaoPJe] [FILTRO] Filtro xs aplicado com sucesso.
2025-11-07 01:50:00,271 [INFO] [AutomacaoPJe] [FLUXO_PRAZO] Iniciando processamento da lista de processos
2025-11-07 01:50:05,152 [INFO] [AutomacaoPJe] [FLUXO_PZ] Tentando extração DIRETA com extrair_direto...
2025-11-07 01:50:05,226 [INFO] [AutomacaoPJe] [FLUXO_PZ] ✅ Extração DIRETA bem-sucedida via PDF viewer direto
2025-11-07 01:50:09,622 [INFO] [AutomacaoPJe] [FLUXO_PZ] Tentando extração DIRETA com extrair_direto...
2025-11-07 01:50:09,712 [INFO] [AutomacaoPJe] [FLUXO_PZ] ✅ Extração DIRETA bem-sucedida via PDF viewer direto
2025-11-07 01:50:14,139 [INFO] [AutomacaoPJe] [FLUXO_PZ] Tentando extração DIRETA com extrair_direto...
2025-11-07 01:50:14,270 [INFO] [AutomacaoPJe] [FLUXO_PZ] ✅ Extração DIRETA bem-sucedida via PDF viewer direto
2025-11-07 01:50:28,692 [INFO] [AutomacaoPJe] [FLUXO_PZ] Tentando extração DIRETA com extrair_direto...
2025-11-07 01:50:28,811 [INFO] [AutomacaoPJe] [FLUXO_PZ] ✅ Extração DIRETA bem-sucedida via PDF viewer direto
2025-11-07 01:51:17,551 [INFO] [AutomacaoPJe] [FLUXO_PZ] Tentando extração DIRETA com extrair_direto...
2025-11-07 01:51:17,632 [INFO] [AutomacaoPJe] [FLUXO_PZ] ✅ Extração DIRETA bem-sucedida via PDF viewer direto
2025-11-07 01:51:39,550 [ERROR] [AutomacaoPJe] [FLUXO_PZ] Falha ao criar GIGS ou na ação secundária: cannot unpack non-iterable bool object
2025-11-07 01:51:39,557 [INFO] [AutomacaoPJe] [FLUXO_PZ] Minuta já salva. Não repetindo loop após erro.
2025-11-07 01:51:45,499 [INFO] [AutomacaoPJe] [FLUXO_PZ] Tentando extração DIRETA com extrair_direto...
2025-11-07 01:51:45,600 [INFO] [AutomacaoPJe] [FLUXO_PZ] ✅ Extração DIRETA bem-sucedida via PDF viewer direto
2025-11-07 01:51:56,558 [INFO] [AutomacaoPJe] [FLUXO_PZ] Tentando extração DIRETA com extrair_direto...
2025-11-07 01:51:56,680 [INFO] [AutomacaoPJe] [FLUXO_PZ] ✅ Extração DIRETA bem-sucedida via PDF viewer direto
2025-11-07 01:54:26,070 [INFO] [AutomacaoPJe] [FLUXO_PZ] Tentando extração DIRETA com extrair_direto...
2025-11-07 01:54:26,181 [INFO] [AutomacaoPJe] [FLUXO_PZ] ✅ Extração DIRETA bem-sucedida via PDF viewer direto
2025-11-07 01:54:30,782 [INFO] [AutomacaoPJe] [FLUXO_PZ] Tentando extração DIRETA com extrair_direto...
2025-11-07 01:54:30,876 [INFO] [AutomacaoPJe] [FLUXO_PZ] ✅ Extração DIRETA bem-sucedida via PDF viewer direto
2025-11-07 01:54:52,754 [ERROR] [AutomacaoPJe] [FLUXO_PZ] Falha ao criar GIGS ou na ação secundária: cannot unpack non-iterable bool object
2025-11-07 01:54:52,756 [INFO] [AutomacaoPJe] [FLUXO_PZ] Minuta já salva. Não repetindo loop após erro.
2025-11-07 01:54:57,374 [INFO] [AutomacaoPJe] [FLUXO_PZ] Tentando extração DIRETA com extrair_direto...
2025-11-07 01:54:57,451 [INFO] [AutomacaoPJe] [FLUXO_PZ] ✅ Extração DIRETA bem-sucedida via PDF viewer direto
2025-11-07 01:55:05,533 [INFO] [AutomacaoPJe] [FLUXO_PZ] Tentando extração DIRETA com extrair_direto...
2025-11-07 01:55:05,637 [INFO] [AutomacaoPJe] [FLUXO_PZ] ✅ Extração DIRETA bem-sucedida via PDF viewer direto
2025-11-07 01:55:13,771 [INFO] [AutomacaoPJe] [FLUXO_PZ] Tentando extração DIRETA com extrair_direto...
2025-11-07 01:55:13,972 [INFO] [AutomacaoPJe] [FLUXO_PZ] ✅ Extração DIRETA bem-sucedida via PDF viewer direto
2025-11-07 01:55:20,740 [INFO] [AutomacaoPJe] [FLUXO_PZ] Tentando extração DIRETA com extrair_direto...
2025-11-07 01:55:20,827 [WARNING] [AutomacaoPJe] [FLUXO_PZ] extrair_direto retornou sucesso=False
2025-11-07 01:55:20,828 [INFO] [AutomacaoPJe] [FLUXO_PZ] Usando fallback: extrair_documento original...
2025-11-07 01:55:23,203 [ERROR] [AutomacaoPJe] [FLUXO_PZ] extrair_documento retornou None ou texto vazio.
2025-11-07 01:55:23,204 [ERROR] [AutomacaoPJe] [FLUXO_PZ] ❌ Não foi possível extrair o texto do documento com nenhum método.
2025-11-07 01:55:27,834 [INFO] [AutomacaoPJe] [FLUXO_PZ] Tentando extração DIRETA com extrair_direto...
2025-11-07 01:55:27,914 [WARNING] [AutomacaoPJe] [FLUXO_PZ] extrair_direto retornou sucesso=False
2025-11-07 01:55:27,914 [INFO] [AutomacaoPJe] [FLUXO_PZ] Usando fallback: extrair_documento original...
2025-11-07 01:55:30,007 [ERROR] [AutomacaoPJe] [FLUXO_PZ] extrair_documento retornou None ou texto vazio.
2025-11-07 01:55:30,007 [ERROR] [AutomacaoPJe] [FLUXO_PZ] ❌ Não foi possível extrair o texto do documento com nenhum método.
2025-11-07 01:55:35,624 [INFO] [AutomacaoPJe] [FLUXO_PZ] Tentando extração DIRETA com extrair_direto...
2025-11-07 01:55:35,692 [WARNING] [AutomacaoPJe] [FLUXO_PZ] extrair_direto retornou sucesso=False
2025-11-07 01:55:35,692 [INFO] [AutomacaoPJe] [FLUXO_PZ] Usando fallback: extrair_documento original...
2025-11-07 01:55:38,005 [ERROR] [AutomacaoPJe] [FLUXO_PZ] extrair_documento retornou None ou texto vazio.
2025-11-07 01:55:38,005 [ERROR] [AutomacaoPJe] [FLUXO_PZ] ❌ Não foi possível extrair o texto do documento com nenhum método.
2025-11-07 01:55:42,506 [INFO] [AutomacaoPJe] [FLUXO_PZ] Tentando extração DIRETA com extrair_direto...
2025-11-07 01:55:42,587 [WARNING] [AutomacaoPJe] [FLUXO_PZ] extrair_direto retornou sucesso=False
2025-11-07 01:55:42,587 [INFO] [AutomacaoPJe] [FLUXO_PZ] Usando fallback: extrair_documento original...
2025-11-07 01:55:44,725 [ERROR] [AutomacaoPJe] [FLUXO_PZ] extrair_documento retornou None ou texto vazio.
2025-11-07 01:55:44,725 [ERROR] [AutomacaoPJe] [FLUXO_PZ] ❌ Não foi possível extrair o texto do documento com nenhum método.
2025-11-07 01:55:49,086 [INFO] [AutomacaoPJe] [FLUXO_PZ] Tentando extração DIRETA com extrair_direto...
2025-11-07 01:55:49,187 [WARNING] [AutomacaoPJe] [FLUXO_PZ] extrair_direto retornou sucesso=False
2025-11-07 01:55:49,187 [INFO] [AutomacaoPJe] [FLUXO_PZ] Usando fallback: extrair_documento original...
2025-11-07 01:55:51,343 [ERROR] [AutomacaoPJe] [FLUXO_PZ] extrair_documento retornou None ou texto vazio.
2025-11-07 01:55:51,343 [ERROR] [AutomacaoPJe] [FLUXO_PZ] ❌ Não foi possível extrair o texto do documento com nenhum método.
2025-11-07 01:55:55,768 [INFO] [AutomacaoPJe] [FLUXO_PZ] Tentando extração DIRETA com extrair_direto...
2025-11-07 01:55:55,854 [WARNING] [AutomacaoPJe] [FLUXO_PZ] extrair_direto retornou sucesso=False
2025-11-07 01:55:55,854 [INFO] [AutomacaoPJe] [FLUXO_PZ] Usando fallback: extrair_documento original...
2025-11-07 01:55:57,880 [ERROR] [AutomacaoPJe] [FLUXO_PZ] extrair_documento retornou None ou texto vazio.
2025-11-07 01:55:57,880 [ERROR] [AutomacaoPJe] [FLUXO_PZ] ❌ Não foi possível extrair o texto do documento com nenhum método.
2025-11-07 01:56:02,212 [INFO] [AutomacaoPJe] [FLUXO_PZ] Tentando extração DIRETA com extrair_direto...
2025-11-07 01:56:02,284 [WARNING] [AutomacaoPJe] [FLUXO_PZ] extrair_direto retornou sucesso=False
2025-11-07 01:56:02,284 [INFO] [AutomacaoPJe] [FLUXO_PZ] Usando fallback: extrair_documento original...
2025-11-07 01:56:04,293 [ERROR] [AutomacaoPJe] [FLUXO_PZ] extrair_documento retornou None ou texto vazio.
2025-11-07 01:56:04,293 [ERROR] [AutomacaoPJe] [FLUXO_PZ] ❌ Não foi possível extrair o texto do documento com nenhum método.
2025-11-07 01:56:08,656 [INFO] [AutomacaoPJe] [FLUXO_PZ] Tentando extração DIRETA com extrair_direto...
2025-11-07 01:56:08,737 [WARNING] [AutomacaoPJe] [FLUXO_PZ] extrair_direto retornou sucesso=False
2025-11-07 01:56:08,737 [INFO] [AutomacaoPJe] [FLUXO_PZ] Usando fallback: extrair_documento original...
2025-11-07 01:56:10,756 [ERROR] [AutomacaoPJe] [FLUXO_PZ] extrair_documento retornou None ou texto vazio.
2025-11-07 01:56:10,756 [ERROR] [AutomacaoPJe] [FLUXO_PZ] ❌ Não foi possível extrair o texto do documento com nenhum método.
2025-11-07 01:56:15,074 [INFO] [AutomacaoPJe] [FLUXO_PZ] Tentando extração DIRETA com extrair_direto...
2025-11-07 01:56:15,140 [WARNING] [AutomacaoPJe] [FLUXO_PZ] extrair_direto retornou sucesso=False
2025-11-07 01:56:15,140 [INFO] [AutomacaoPJe] [FLUXO_PZ] Usando fallback: extrair_documento original...
2025-11-07 01:56:17,164 [ERROR] [AutomacaoPJe] [FLUXO_PZ] extrair_documento retornou None ou texto vazio.
2025-11-07 01:56:17,164 [ERROR] [AutomacaoPJe] [FLUXO_PZ] ❌ Não foi possível extrair o texto do documento com nenhum método.
2025-11-07 01:56:21,496 [INFO] [AutomacaoPJe] [FLUXO_PZ] Tentando extração DIRETA com extrair_direto...
2025-11-07 01:56:21,559 [WARNING] [AutomacaoPJe] [FLUXO_PZ] extrair_direto retornou sucesso=False
2025-11-07 01:56:21,559 [INFO] [AutomacaoPJe] [FLUXO_PZ] Usando fallback: extrair_documento original...
2025-11-07 01:56:23,572 [ERROR] [AutomacaoPJe] [FLUXO_PZ] extrair_documento retornou None ou texto vazio.
2025-11-07 01:56:23,573 [ERROR] [AutomacaoPJe] [FLUXO_PZ] ❌ Não foi possível extrair o texto do documento com nenhum método.
2025-11-07 01:56:27,994 [INFO] [AutomacaoPJe] [FLUXO_PZ] Tentando extração DIRETA com extrair_direto...
2025-11-07 01:56:28,068 [WARNING] [AutomacaoPJe] [FLUXO_PZ] extrair_direto retornou sucesso=False
2025-11-07 01:56:28,068 [INFO] [AutomacaoPJe] [FLUXO_PZ] Usando fallback: extrair_documento original...
2025-11-07 01:56:30,228 [ERROR] [AutomacaoPJe] [FLUXO_PZ] extrair_documento retornou None ou texto vazio.
2025-11-07 01:56:30,229 [ERROR] [AutomacaoPJe] [FLUXO_PZ] ❌ Não foi possível extrair o texto do documento com nenhum método.
2025-11-07 01:56:34,612 [INFO] [AutomacaoPJe] [FLUXO_PZ] Tentando extração DIRETA com extrair_direto...
2025-11-07 01:56:34,871 [WARNING] [AutomacaoPJe] [FLUXO_PZ] extrair_direto retornou sucesso=False
2025-11-07 01:56:34,871 [INFO] [AutomacaoPJe] [FLUXO_PZ] Usando fallback: extrair_documento original...
2025-11-07 01:56:36,869 [ERROR] [AutomacaoPJe] [FLUXO_PZ] extrair_documento retornou None ou texto vazio.
2025-11-07 01:56:36,870 [ERROR] [AutomacaoPJe] [FLUXO_PZ] ❌ Não foi possível extrair o texto do documento com nenhum método.
2025-11-07 01:56:41,270 [INFO] [AutomacaoPJe] [FLUXO_PZ] Tentando extração DIRETA com extrair_direto...
2025-11-07 01:56:41,364 [WARNING] [AutomacaoPJe] [FLUXO_PZ] extrair_direto retornou sucesso=False
2025-11-07 01:56:41,364 [INFO] [AutomacaoPJe] [FLUXO_PZ] Usando fallback: extrair_documento original...
2025-11-07 01:56:43,486 [ERROR] [AutomacaoPJe] [FLUXO_PZ] extrair_documento retornou None ou texto vazio.
2025-11-07 01:56:43,486 [ERROR] [AutomacaoPJe] [FLUXO_PZ] ❌ Não foi possível extrair o texto do documento com nenhum método.
2025-11-07 01:56:47,912 [INFO] [AutomacaoPJe] [FLUXO_PZ] Tentando extração DIRETA com extrair_direto...
2025-11-07 01:56:47,981 [WARNING] [AutomacaoPJe] [FLUXO_PZ] extrair_direto retornou sucesso=False
2025-11-07 01:56:47,981 [INFO] [AutomacaoPJe] [FLUXO_PZ] Usando fallback: extrair_documento original...
2025-11-07 01:56:50,066 [ERROR] [AutomacaoPJe] [FLUXO_PZ] extrair_documento retornou None ou texto vazio.
2025-11-07 01:56:50,066 [ERROR] [AutomacaoPJe] [FLUXO_PZ] ❌ Não foi possível extrair o texto do documento com nenhum método.
2025-11-07 01:56:54,575 [INFO] [AutomacaoPJe] [FLUXO_PZ] Tentando extração DIRETA com extrair_direto...
2025-11-07 01:56:54,638 [WARNING] [AutomacaoPJe] [FLUXO_PZ] extrair_direto retornou sucesso=False
2025-11-07 01:56:54,638 [INFO] [AutomacaoPJe] [FLUXO_PZ] Usando fallback: extrair_documento original...
2025-11-07 01:56:56,762 [ERROR] [AutomacaoPJe] [FLUXO_PZ] extrair_documento retornou None ou texto vazio.
2025-11-07 01:56:56,762 [ERROR] [AutomacaoPJe] [FLUXO_PZ] ❌ Não foi possível extrair o texto do documento com nenhum método.
2025-11-07 01:57:01,155 [INFO] [AutomacaoPJe] [FLUXO_PZ] Tentando extração DIRETA com extrair_direto...
2025-11-07 01:57:01,224 [WARNING] [AutomacaoPJe] [FLUXO_PZ] extrair_direto retornou sucesso=False
2025-11-07 01:57:01,224 [INFO] [AutomacaoPJe] [FLUXO_PZ] Usando fallback: extrair_documento original...
2025-11-07 01:57:03,300 [ERROR] [AutomacaoPJe] [FLUXO_PZ] extrair_documento retornou None ou texto vazio.
2025-11-07 01:57:03,300 [ERROR] [AutomacaoPJe] [FLUXO_PZ] ❌ Não foi possível extrair o texto do documento com nenhum método.
2025-11-07 01:57:07,677 [INFO] [AutomacaoPJe] [FLUXO_PZ] Tentando extração DIRETA com extrair_direto...
2025-11-07 01:57:07,776 [WARNING] [AutomacaoPJe] [FLUXO_PZ] extrair_direto retornou sucesso=False
2025-11-07 01:57:07,776 [INFO] [AutomacaoPJe] [FLUXO_PZ] Usando fallback: extrair_documento original...
2025-11-07 01:57:09,793 [ERROR] [AutomacaoPJe] [FLUXO_PZ] extrair_documento retornou None ou texto vazio.
2025-11-07 01:57:09,794 [ERROR] [AutomacaoPJe] [FLUXO_PZ] ❌ Não foi possível extrair o texto do documento com nenhum método.
2025-11-07 01:57:14,092 [INFO] [AutomacaoPJe] [FLUXO_PZ] Tentando extração DIRETA com extrair_direto...
2025-11-07 01:57:14,155 [WARNING] [AutomacaoPJe] [FLUXO_PZ] extrair_direto retornou sucesso=False
2025-11-07 01:57:14,155 [INFO] [AutomacaoPJe] [FLUXO_PZ] Usando fallback: extrair_documento original...
2025-11-07 01:57:16,213 [ERROR] [AutomacaoPJe] [FLUXO_PZ] extrair_documento retornou None ou texto vazio.
2025-11-07 01:57:16,213 [ERROR] [AutomacaoPJe] [FLUXO_PZ] ❌ Não foi possível extrair o texto do documento com nenhum método.
2025-11-07 01:57:20,548 [INFO] [AutomacaoPJe] [FLUXO_PZ] Tentando extração DIRETA com extrair_direto...
2025-11-07 01:57:20,632 [WARNING] [AutomacaoPJe] [FLUXO_PZ] extrair_direto retornou sucesso=False
2025-11-07 01:57:20,633 [INFO] [AutomacaoPJe] [FLUXO_PZ] Usando fallback: extrair_documento original...
2025-11-07 01:57:22,717 [ERROR] [AutomacaoPJe] [FLUXO_PZ] extrair_documento retornou None ou texto vazio.
2025-11-07 01:57:22,717 [ERROR] [AutomacaoPJe] [FLUXO_PZ] ❌ Não foi possível extrair o texto do documento com nenhum método.
2025-11-07 01:57:27,077 [INFO] [AutomacaoPJe] [FLUXO_PZ] Tentando extração DIRETA com extrair_direto...
2025-11-07 01:57:27,139 [WARNING] [AutomacaoPJe] [FLUXO_PZ] extrair_direto retornou sucesso=False
2025-11-07 01:57:27,140 [INFO] [AutomacaoPJe] [FLUXO_PZ] Usando fallback: extrair_documento original...
2025-11-07 01:57:29,125 [ERROR] [AutomacaoPJe] [FLUXO_PZ] extrair_documento retornou None ou texto vazio.
2025-11-07 01:57:29,125 [ERROR] [AutomacaoPJe] [FLUXO_PZ] ❌ Não foi possível extrair o texto do documento com nenhum método.
2025-11-07 01:57:33,565 [INFO] [AutomacaoPJe] [FLUXO_PZ] Tentando extração DIRETA com extrair_direto...
2025-11-07 01:57:33,625 [WARNING] [AutomacaoPJe] [FLUXO_PZ] extrair_direto retornou sucesso=False
2025-11-07 01:57:33,625 [INFO] [AutomacaoPJe] [FLUXO_PZ] Usando fallback: extrair_documento original...
2025-11-07 01:57:35,694 [ERROR] [AutomacaoPJe] [FLUXO_PZ] extrair_documento retornou None ou texto vazio.
2025-11-07 01:57:35,694 [ERROR] [AutomacaoPJe] [FLUXO_PZ] ❌ Não foi possível extrair o texto do documento com nenhum método.
2025-11-07 01:57:40,041 [INFO] [AutomacaoPJe] [FLUXO_PZ] Tentando extração DIRETA com extrair_direto...
2025-11-07 01:57:40,108 [WARNING] [AutomacaoPJe] [FLUXO_PZ] extrair_direto retornou sucesso=False
2025-11-07 01:57:40,108 [INFO] [AutomacaoPJe] [FLUXO_PZ] Usando fallback: extrair_documento original...
2025-11-07 01:57:42,155 [ERROR] [AutomacaoPJe] [FLUXO_PZ] extrair_documento retornou None ou texto vazio.
2025-11-07 01:57:42,155 [ERROR] [AutomacaoPJe] [FLUXO_PZ] ❌ Não foi possível extrair o texto do documento com nenhum método.
2025-11-07 01:57:46,476 [INFO] [AutomacaoPJe] [FLUXO_PZ] Tentando extração DIRETA com extrair_direto...
2025-11-07 01:57:46,540 [WARNING] [AutomacaoPJe] [FLUXO_PZ] extrair_direto retornou sucesso=False
2025-11-07 01:57:46,540 [INFO] [AutomacaoPJe] [FLUXO_PZ] Usando fallback: extrair_documento original...
2025-11-07 01:57:48,549 [ERROR] [AutomacaoPJe] [FLUXO_PZ] extrair_documento retornou None ou texto vazio.
2025-11-07 01:57:48,549 [ERROR] [AutomacaoPJe] [FLUXO_PZ] ❌ Não foi possível extrair o texto do documento com nenhum método.
2025-11-07 01:57:53,055 [INFO] [AutomacaoPJe] [FLUXO_PZ] Tentando extração DIRETA com extrair_direto...
2025-11-07 01:57:53,130 [WARNING] [AutomacaoPJe] [FLUXO_PZ] extrair_direto retornou sucesso=False
2025-11-07 01:57:53,130 [INFO] [AutomacaoPJe] [FLUXO_PZ] Usando fallback: extrair_documento original...
2025-11-07 01:57:55,311 [ERROR] [AutomacaoPJe] [FLUXO_PZ] extrair_documento retornou None ou texto vazio.
2025-11-07 01:57:55,311 [ERROR] [AutomacaoPJe] [FLUXO_PZ] ❌ Não foi possível extrair o texto do documento com nenhum método.
2025-11-07 01:57:59,673 [INFO] [AutomacaoPJe] [FLUXO_PZ] Tentando extração DIRETA com extrair_direto...
2025-11-07 01:57:59,737 [WARNING] [AutomacaoPJe] [FLUXO_PZ] extrair_direto retornou sucesso=False
2025-11-07 01:57:59,737 [INFO] [AutomacaoPJe] [FLUXO_PZ] Usando fallback: extrair_documento original...
2025-11-07 01:58:01,885 [ERROR] [AutomacaoPJe] [FLUXO_PZ] extrair_documento retornou None ou texto vazio.
2025-11-07 01:58:01,885 [ERROR] [AutomacaoPJe] [FLUXO_PZ] ❌ Não foi possível extrair o texto do documento com nenhum método.
2025-11-07 01:58:02,038 [INFO] [AutomacaoPJe] [FLUXO_PRAZO] Processamento da lista concluído
2025-11-07 13:20:57,231 [ERROR] [pjeplus] Filtro lista 100 falhou após todas tentativas
2025-11-07 13:20:57,231 [ERROR] [AutomacaoPJe] [FILTRO] Erro na sequência de filtros: Falha ao aplicar filtro de 100 itens por página
2025-11-07 13:20:57,232 [INFO] [AutomacaoPJe] [FLUXO_PRAZO] Iniciando processamento da lista de processos
2025-11-07 13:21:01,658 [INFO] [AutomacaoPJe] [FLUXO_PZ] Tentando extração DIRETA com extrair_direto...
2025-11-07 13:21:01,662 [WARNING] [AutomacaoPJe] [FLUXO_PZ] extrair_direto retornou sucesso=False
2025-11-07 13:21:01,662 [INFO] [AutomacaoPJe] [FLUXO_PZ] Usando fallback: extrair_documento original...
2025-11-07 13:21:01,663 [ERROR] [AutomacaoPJe] [FLUXO_PZ] extrair_documento retornou None ou texto vazio.
2025-11-07 13:21:01,663 [ERROR] [AutomacaoPJe] [FLUXO_PZ] ❌ Não foi possível extrair o texto do documento com nenhum método.
2025-11-07 13:21:01,713 [INFO] [pjeplus] Processo 1000389-50.2019.5.02.0703 encontrado na linha 2
2025-11-07 13:21:05,423 [ERROR] [AutomacaoPJe] [FLUXO_PZ] Nenhum documento relevante encontrado.
2025-11-07 13:21:05,502 [INFO] [pjeplus] Processo 1001759-88.2024.5.02.0703 encontrado na linha 3
2025-11-07 13:21:09,722 [INFO] [AutomacaoPJe] [FLUXO_PZ] Tentando extração DIRETA com extrair_direto...
2025-11-07 13:21:09,779 [INFO] [AutomacaoPJe] [FLUXO_PZ] ✅ Extração DIRETA bem-sucedida via PDF viewer direto
2025-11-07 13:21:10,019 [INFO] [pjeplus] Processo 1000118-65.2024.5.02.0703 encontrado na linha 4
2025-11-07 13:21:14,303 [INFO] [AutomacaoPJe] [FLUXO_PZ] Tentando extração DIRETA com extrair_direto...
2025-11-07 13:21:14,368 [INFO] [AutomacaoPJe] [FLUXO_PZ] ✅ Extração DIRETA bem-sucedida via PDF viewer direto
2025-11-07 13:21:16,666 [INFO] [AutomacaoPJe] [FLUXO_PZ] Tentando extração DIRETA com extrair_direto...
2025-11-07 13:21:16,754 [WARNING] [AutomacaoPJe] [FLUXO_PZ] extrair_direto retornou sucesso=False
2025-11-07 13:21:16,755 [INFO] [AutomacaoPJe] [FLUXO_PZ] Usando fallback: extrair_documento original...
2025-11-07 13:21:16,755 [ERROR] [AutomacaoPJe] [FLUXO_PZ] extrair_documento retornou None ou texto vazio.
2025-11-07 13:21:16,756 [ERROR] [AutomacaoPJe] [FLUXO_PZ] ❌ Não foi possível extrair o texto do documento com nenhum método.
2025-11-07 13:21:16,773 [ERROR] [pjeplus] Erro geral na reindexação: Message: Tried to run command without establishing a connection

2025-11-07 13:21:16,774 [ERROR] [pjeplus] Erro geral na reindexação: Message: Tried to run command without establishing a connection

2025-11-07 13:21:16,776 [ERROR] [pjeplus] Erro geral na reindexação: Message: Tried to run command without establishing a connection

2025-11-07 13:21:16,778 [ERROR] [pjeplus] Erro geral na reindexação: Message: Tried to run command without establishing a connection

2025-11-07 13:21:16,779 [ERROR] [pjeplus] Erro geral na reindexação: Message: Tried to run command without establishing a connection

2025-11-07 13:21:16,781 [ERROR] [pjeplus] Erro geral na reindexação: Message: Tried to run command without establishing a connection

2025-11-07 13:21:16,782 [ERROR] [pjeplus] Erro geral na reindexação: Message: Tried to run command without establishing a connection

2025-11-07 13:21:16,784 [ERROR] [pjeplus] Erro geral na reindexação: Message: Tried to run command without establishing a connection

2025-11-07 13:21:16,786 [ERROR] [pjeplus] Erro geral na reindexação: Message: Tried to run command without establishing a connection

2025-11-07 13:21:16,787 [ERROR] [pjeplus] Erro geral na reindexação: Message: Tried to run command without establishing a connection

2025-11-07 13:21:16,789 [ERROR] [pjeplus] Erro geral na reindexação: Message: Tried to run command without establishing a connection

2025-11-07 13:21:16,790 [ERROR] [pjeplus] Erro geral na reindexação: Message: Tried to run command without establishing a connection

2025-11-07 13:21:16,791 [ERROR] [pjeplus] Erro geral na reindexação: Message: Tried to run command without establishing a connection

2025-11-07 13:21:16,793 [ERROR] [pjeplus] Erro geral na reindexação: Message: Tried to run command without establishing a connection

2025-11-07 13:21:16,795 [ERROR] [pjeplus] Erro geral na reindexação: Message: Tried to run command without establishing a connection

2025-11-07 13:21:16,797 [ERROR] [pjeplus] Erro geral na reindexação: Message: Tried to run command without establishing a connection

2025-11-07 13:21:16,797 [INFO] [AutomacaoPJe] [FLUXO_PRAZO] Processamento da lista concluído
2025-11-07 13:30:59,381 [INFO] [AutomacaoPJe] [FILTRO] Filtro xs aplicado com sucesso.
2025-11-07 13:31:02,382 [INFO] [AutomacaoPJe] [FLUXO_PRAZO] Iniciando processamento da lista de processos
2025-11-07 13:31:04,969 [ERROR] [AutomacaoPJe] [FLUXO_PZ] Nenhum documento relevante encontrado.
2025-11-07 13:31:07,226 [ERROR] [AutomacaoPJe] [FLUXO_PZ] Nenhum documento relevante encontrado.
2025-11-07 13:31:09,523 [ERROR] [AutomacaoPJe] [FLUXO_PZ] Nenhum documento relevante encontrado.
2025-11-07 13:31:11,794 [ERROR] [AutomacaoPJe] [FLUXO_PZ] Nenhum documento relevante encontrado.
2025-11-07 13:31:14,053 [ERROR] [AutomacaoPJe] [FLUXO_PZ] Nenhum documento relevante encontrado.
2025-11-07 13:31:18,414 [INFO] [AutomacaoPJe] [FLUXO_PZ] Tentando extração DIRETA com extrair_direto...
2025-11-07 13:31:18,522 [INFO] [AutomacaoPJe] [FLUXO_PZ] ✅ Extração DIRETA bem-sucedida via PDF viewer direto
2025-11-07 13:31:34,915 [INFO] [AutomacaoPJe] [FLUXO_PRAZO] Processamento da lista concluído
2025-11-10 01:00:45,188 [INFO] [AutomacaoPJe] [FILTRO] Filtro xs aplicado com sucesso.
2025-11-10 01:00:48,196 [INFO] [AutomacaoPJe] [FLUXO_PRAZO] Iniciando processamento da lista de processos
2025-11-10 01:00:53,422 [INFO] [AutomacaoPJe] [FLUXO_PZ] Tentando extração DIRETA com extrair_direto...
2025-11-10 01:00:53,510 [INFO] [AutomacaoPJe] [FLUXO_PZ] ✅ Extração DIRETA bem-sucedida via PDF viewer direto
2025-11-10 01:00:57,892 [INFO] [AutomacaoPJe] [FLUXO_PZ] Tentando extração DIRETA com extrair_direto...
2025-11-10 01:00:57,978 [INFO] [AutomacaoPJe] [FLUXO_PZ] ✅ Extração DIRETA bem-sucedida via PDF viewer direto
2025-11-10 01:01:04,502 [INFO] [AutomacaoPJe] [FLUXO_PZ] Tentando extração DIRETA com extrair_direto...
2025-11-10 01:01:04,614 [INFO] [AutomacaoPJe] [FLUXO_PZ] ✅ Extração DIRETA bem-sucedida via PDF viewer direto
2025-11-10 01:01:12,402 [INFO] [AutomacaoPJe] [FLUXO_PZ] Tentando extração DIRETA com extrair_direto...
2025-11-10 01:01:12,501 [INFO] [AutomacaoPJe] [FLUXO_PZ] ✅ Extração DIRETA bem-sucedida via PDF viewer direto
2025-11-10 01:01:48,587 [INFO] [AutomacaoPJe] [FLUXO_PZ] Tentando extração DIRETA com extrair_direto...
2025-11-10 01:01:48,861 [INFO] [AutomacaoPJe] [FLUXO_PZ] ✅ Extração DIRETA bem-sucedida via PDF viewer direto
2025-11-10 01:02:19,876 [INFO] [AutomacaoPJe] [FLUXO_PZ] Tentando extração DIRETA com extrair_direto...
2025-11-10 01:02:19,942 [INFO] [AutomacaoPJe] [FLUXO_PZ] ✅ Extração DIRETA bem-sucedida via PDF viewer direto
2025-11-10 01:02:34,322 [INFO] [AutomacaoPJe] [FLUXO_PZ] Tentando extração DIRETA com extrair_direto...
2025-11-10 01:02:34,394 [INFO] [AutomacaoPJe] [FLUXO_PZ] ✅ Extração DIRETA bem-sucedida via PDF viewer direto
2025-11-10 01:02:38,782 [INFO] [AutomacaoPJe] [FLUXO_PZ] Tentando extração DIRETA com extrair_direto...
2025-11-10 01:02:38,859 [INFO] [AutomacaoPJe] [FLUXO_PZ] ✅ Extração DIRETA bem-sucedida via PDF viewer direto
2025-11-10 01:02:45,650 [INFO] [AutomacaoPJe] [FLUXO_PZ] Tentando extração DIRETA com extrair_direto...
2025-11-10 01:02:45,733 [INFO] [AutomacaoPJe] [FLUXO_PZ] ✅ Extração DIRETA bem-sucedida via PDF viewer direto
2025-11-10 01:02:51,980 [INFO] [AutomacaoPJe] [FLUXO_PZ] Tentando extração DIRETA com extrair_direto...
2025-11-10 01:02:52,061 [INFO] [AutomacaoPJe] [FLUXO_PZ] ✅ Extração DIRETA bem-sucedida via PDF viewer direto
2025-11-10 01:02:56,461 [INFO] [AutomacaoPJe] [FLUXO_PZ] Tentando extração DIRETA com extrair_direto...
2025-11-10 01:02:56,533 [INFO] [AutomacaoPJe] [FLUXO_PZ] ✅ Extração DIRETA bem-sucedida via PDF viewer direto
2025-11-10 01:03:03,211 [INFO] [AutomacaoPJe] [FLUXO_PZ] Tentando extração DIRETA com extrair_direto...
2025-11-10 01:03:03,285 [INFO] [AutomacaoPJe] [FLUXO_PZ] ✅ Extração DIRETA bem-sucedida via PDF viewer direto
2025-11-10 01:03:10,215 [INFO] [AutomacaoPJe] [FLUXO_PZ] Tentando extração DIRETA com extrair_direto...
2025-11-10 01:03:10,297 [INFO] [AutomacaoPJe] [FLUXO_PZ] ✅ Extração DIRETA bem-sucedida via PDF viewer direto
2025-11-10 01:03:18,506 [INFO] [AutomacaoPJe] [FLUXO_PZ] Tentando extração DIRETA com extrair_direto...
2025-11-10 01:03:18,598 [INFO] [AutomacaoPJe] [FLUXO_PZ] ✅ Extração DIRETA bem-sucedida via PDF viewer direto
2025-11-10 01:04:14,513 [INFO] [AutomacaoPJe] [FLUXO_PZ] Tentando extração DIRETA com extrair_direto...
2025-11-10 01:04:14,597 [INFO] [AutomacaoPJe] [FLUXO_PZ] ✅ Extração DIRETA bem-sucedida via PDF viewer direto
2025-11-10 01:08:11,823 [INFO] [AutomacaoPJe] [FLUXO_PZ] Tentando extração DIRETA com extrair_direto...
2025-11-10 01:08:11,893 [INFO] [AutomacaoPJe] [FLUXO_PZ] ✅ Extração DIRETA bem-sucedida via PDF viewer direto
2025-11-10 01:08:12,004 [INFO] [AutomacaoPJe] [FLUXO_PRAZO] Processamento da lista concluído
